[13-Dec-2023 17:30:03] NOTICE: fpm is running, pid 359
[13-Dec-2023 17:30:03] NOTICE: ready to handle connections
[13-Dec-2023 17:32:45] NOTICE: Terminating ...
[13-Dec-2023 17:32:45] NOTICE: exiting, bye-bye!
[13-Dec-2023 17:32:57] NOTICE: fpm is running, pid 290
[13-Dec-2023 17:32:57] NOTICE: ready to handle connections
[13-Dec-2023 17:33:52] NOTICE: Terminating ...
[13-Dec-2023 17:33:52] NOTICE: exiting, bye-bye!
[13-Dec-2023 17:34:23] NOTICE: fpm is running, pid 291
[13-Dec-2023 17:34:23] NOTICE: ready to handle connections
[13-Dec-2023 17:38:02] NOTICE: Terminating ...
[13-Dec-2023 17:38:02] NOTICE: exiting, bye-bye!
[13-Dec-2023 17:38:23] NOTICE: fpm is running, pid 290
[13-Dec-2023 17:38:23] NOTICE: ready to handle connections
[13-Dec-2023 17:39:52] NOTICE: Terminating ...
[13-Dec-2023 17:39:52] NOTICE: exiting, bye-bye!
[13-Dec-2023 17:41:52] NOTICE: fpm is running, pid 304
[13-Dec-2023 17:41:52] NOTICE: ready to handle connections
[13-Dec-2023 17:42:51] NOTICE: Terminating ...
[13-Dec-2023 17:42:51] NOTICE: exiting, bye-bye!
[13-Dec-2023 17:43:24] NOTICE: fpm is running, pid 297
[13-Dec-2023 17:43:24] NOTICE: ready to handle connections
[13-Dec-2023 17:59:54] NOTICE: Terminating ...
[13-Dec-2023 17:59:54] NOTICE: exiting, bye-bye!
[13-Dec-2023 18:35:59] NOTICE: fpm is running, pid 297
[13-Dec-2023 18:35:59] NOTICE: ready to handle connections
[13-Dec-2023 19:00:50] NOTICE: Terminating ...
[13-Dec-2023 19:00:50] NOTICE: exiting, bye-bye!
[13-Dec-2023 19:01:16] NOTICE: fpm is running, pid 290
[13-Dec-2023 19:01:16] NOTICE: ready to handle connections
[13-Dec-2023 19:01:49] NOTICE: Terminating ...
[13-Dec-2023 19:01:49] NOTICE: exiting, bye-bye!
[13-Dec-2023 19:02:24] NOTICE: fpm is running, pid 297
[13-Dec-2023 19:02:24] NOTICE: ready to handle connections
[13-Dec-2023 19:02:58] NOTICE: Terminating ...
[13-Dec-2023 19:02:58] NOTICE: exiting, bye-bye!
[13-Dec-2023 19:03:13] NOTICE: fpm is running, pid 288
[13-Dec-2023 19:03:13] NOTICE: ready to handle connections
[13-Dec-2023 19:04:42] NOTICE: Terminating ...
[13-Dec-2023 19:04:42] NOTICE: exiting, bye-bye!
[13-Dec-2023 19:04:56] NOTICE: fpm is running, pid 285
[13-Dec-2023 19:04:56] NOTICE: ready to handle connections
[13-Dec-2023 19:05:22] NOTICE: Terminating ...
[13-Dec-2023 19:05:22] NOTICE: exiting, bye-bye!
[13-Dec-2023 19:05:51] NOTICE: fpm is running, pid 301
[13-Dec-2023 19:05:51] NOTICE: ready to handle connections
[13-Dec-2023 19:06:52] NOTICE: Terminating ...
[13-Dec-2023 19:06:52] NOTICE: exiting, bye-bye!
[13-Dec-2023 19:07:06] NOTICE: fpm is running, pid 289
[13-Dec-2023 19:07:06] NOTICE: ready to handle connections
[13-Dec-2023 19:08:10] NOTICE: Terminating ...
[13-Dec-2023 19:08:10] NOTICE: exiting, bye-bye!
[13-Dec-2023 19:08:19] NOTICE: fpm is running, pid 267
[13-Dec-2023 19:08:19] NOTICE: ready to handle connections
[13-Dec-2023 19:09:38] NOTICE: Terminating ...
[13-Dec-2023 19:09:38] NOTICE: exiting, bye-bye!
[13-Dec-2023 19:10:03] NOTICE: fpm is running, pid 263
[13-Dec-2023 19:10:03] NOTICE: ready to handle connections
[13-Dec-2023 19:12:16] NOTICE: Terminating ...
[13-Dec-2023 19:12:16] NOTICE: exiting, bye-bye!
[13-Dec-2023 19:12:26] NOTICE: fpm is running, pid 266
[13-Dec-2023 19:12:26] NOTICE: ready to handle connections
[13-Dec-2023 19:16:50] NOTICE: Terminating ...
[13-Dec-2023 19:16:50] NOTICE: exiting, bye-bye!
[13-Dec-2023 19:18:18] NOTICE: fpm is running, pid 296
[13-Dec-2023 19:18:18] NOTICE: ready to handle connections
[13-Dec-2023 19:21:58] NOTICE: Terminating ...
[13-Dec-2023 19:21:58] NOTICE: exiting, bye-bye!
[13-Dec-2023 19:22:09] NOTICE: fpm is running, pid 265
[13-Dec-2023 19:22:09] NOTICE: ready to handle connections
[13-Dec-2023 19:53:15] NOTICE: Terminating ...
[13-Dec-2023 19:53:15] NOTICE: exiting, bye-bye!
[14-Dec-2023 11:38:41] NOTICE: fpm is running, pid 267
[14-Dec-2023 11:38:41] NOTICE: ready to handle connections
[14-Dec-2023 11:41:43] NOTICE: Terminating ...
[14-Dec-2023 11:41:43] NOTICE: exiting, bye-bye!
[10-Mar-2024 21:15:01] NOTICE: fpm is running, pid 318
[10-Mar-2024 21:15:01] NOTICE: ready to handle connections
[10-Mar-2024 21:18:34] NOTICE: Terminating ...
[10-Mar-2024 21:18:34] NOTICE: exiting, bye-bye!
[10-Mar-2024 22:04:28] NOTICE: fpm is running, pid 330
[10-Mar-2024 22:04:28] NOTICE: ready to handle connections
[10-Mar-2024 22:05:24] NOTICE: Terminating ...
[10-Mar-2024 22:05:24] NOTICE: exiting, bye-bye!
[10-Mar-2024 22:07:33] NOTICE: fpm is running, pid 276
[10-Mar-2024 22:07:33] NOTICE: ready to handle connections
[10-Mar-2024 22:07:57] NOTICE: Terminating ...
[10-Mar-2024 22:07:57] NOTICE: exiting, bye-bye!
[10-Mar-2024 22:08:06] NOTICE: fpm is running, pid 273
[10-Mar-2024 22:08:06] NOTICE: ready to handle connections
[10-Mar-2024 22:09:11] NOTICE: Terminating ...
[10-Mar-2024 22:09:11] NOTICE: exiting, bye-bye!
[10-Mar-2024 22:09:24] NOTICE: fpm is running, pid 273
[10-Mar-2024 22:09:24] NOTICE: ready to handle connections
[10-Mar-2024 22:10:50] NOTICE: Terminating ...
[10-Mar-2024 22:10:50] NOTICE: exiting, bye-bye!
[10-Mar-2024 22:11:12] NOTICE: fpm is running, pid 277
[10-Mar-2024 22:11:12] NOTICE: ready to handle connections
[10-Mar-2024 22:13:04] NOTICE: Terminating ...
[10-Mar-2024 22:13:04] NOTICE: exiting, bye-bye!
[10-Mar-2024 22:13:12] NOTICE: fpm is running, pid 268
[10-Mar-2024 22:13:12] NOTICE: ready to handle connections
[10-Mar-2024 22:13:57] NOTICE: Terminating ...
[10-Mar-2024 22:13:57] NOTICE: exiting, bye-bye!
[10-Mar-2024 22:14:16] NOTICE: fpm is running, pid 274
[10-Mar-2024 22:14:16] NOTICE: ready to handle connections
[10-Mar-2024 22:15:41] NOTICE: Terminating ...
[10-Mar-2024 22:15:41] NOTICE: exiting, bye-bye!
[10-Mar-2024 22:15:52] NOTICE: fpm is running, pid 273
[10-Mar-2024 22:15:52] NOTICE: ready to handle connections
[10-Mar-2024 22:17:18] NOTICE: Terminating ...
[10-Mar-2024 22:17:18] NOTICE: exiting, bye-bye!
[10-Mar-2024 22:17:37] NOTICE: fpm is running, pid 270
[10-Mar-2024 22:17:37] NOTICE: ready to handle connections
[10-Mar-2024 22:18:44] NOTICE: Terminating ...
[10-Mar-2024 22:18:44] NOTICE: exiting, bye-bye!
[10-Mar-2024 22:18:54] NOTICE: fpm is running, pid 275
[10-Mar-2024 22:18:54] NOTICE: ready to handle connections
[10-Mar-2024 22:19:47] NOTICE: Terminating ...
[10-Mar-2024 22:19:47] NOTICE: exiting, bye-bye!
[10-Mar-2024 22:20:35] NOTICE: fpm is running, pid 271
[10-Mar-2024 22:20:35] NOTICE: ready to handle connections
[10-Mar-2024 22:22:03] NOTICE: Terminating ...
[10-Mar-2024 22:22:03] NOTICE: exiting, bye-bye!
[10-Mar-2024 22:22:39] NOTICE: fpm is running, pid 270
[10-Mar-2024 22:22:39] NOTICE: ready to handle connections
[10-Mar-2024 22:24:34] NOTICE: Terminating ...
[10-Mar-2024 22:24:34] NOTICE: exiting, bye-bye!
[10-Mar-2024 22:24:44] NOTICE: fpm is running, pid 272
[10-Mar-2024 22:24:44] NOTICE: ready to handle connections
[10-Mar-2024 22:25:11] NOTICE: Terminating ...
[10-Mar-2024 22:25:11] NOTICE: exiting, bye-bye!
[10-Mar-2024 22:25:20] NOTICE: fpm is running, pid 270
[10-Mar-2024 22:25:20] NOTICE: ready to handle connections
[10-Mar-2024 22:26:49] NOTICE: Terminating ...
[10-Mar-2024 22:26:49] NOTICE: exiting, bye-bye!
[10-Mar-2024 22:27:00] NOTICE: fpm is running, pid 273
[10-Mar-2024 22:27:00] NOTICE: ready to handle connections
[10-Mar-2024 22:27:33] NOTICE: Terminating ...
[10-Mar-2024 22:27:33] NOTICE: exiting, bye-bye!
[10-Mar-2024 22:28:00] NOTICE: fpm is running, pid 273
[10-Mar-2024 22:28:00] NOTICE: ready to handle connections
[10-Mar-2024 22:29:09] NOTICE: Terminating ...
[10-Mar-2024 22:29:09] NOTICE: exiting, bye-bye!
[11-Mar-2024 09:09:22] NOTICE: fpm is running, pid 300
[11-Mar-2024 09:09:22] NOTICE: ready to handle connections
[11-Mar-2024 09:10:48] NOTICE: Terminating ...
[11-Mar-2024 09:10:48] NOTICE: exiting, bye-bye!
[11-Mar-2024 09:11:50] NOTICE: fpm is running, pid 269
[11-Mar-2024 09:11:50] NOTICE: ready to handle connections
[11-Mar-2024 09:15:16] NOTICE: Terminating ...
[11-Mar-2024 09:15:16] NOTICE: exiting, bye-bye!
[11-Mar-2024 09:15:49] NOTICE: fpm is running, pid 270
[11-Mar-2024 09:15:49] NOTICE: ready to handle connections
[11-Mar-2024 09:19:47] NOTICE: Terminating ...
[11-Mar-2024 09:19:47] NOTICE: exiting, bye-bye!
[11-Mar-2024 09:20:14] NOTICE: fpm is running, pid 269
[11-Mar-2024 09:20:14] NOTICE: ready to handle connections
[11-Mar-2024 09:22:03] NOTICE: Terminating ...
[11-Mar-2024 09:22:03] NOTICE: exiting, bye-bye!
[11-Mar-2024 09:22:11] NOTICE: fpm is running, pid 275
[11-Mar-2024 09:22:11] NOTICE: ready to handle connections
[11-Mar-2024 09:22:56] NOTICE: Terminating ...
[11-Mar-2024 09:22:56] NOTICE: exiting, bye-bye!
[11-Mar-2024 09:23:08] NOTICE: fpm is running, pid 270
[11-Mar-2024 09:23:08] NOTICE: ready to handle connections
[11-Mar-2024 09:24:49] NOTICE: Terminating ...
[11-Mar-2024 09:24:49] NOTICE: exiting, bye-bye!
[11-Mar-2024 09:25:11] NOTICE: fpm is running, pid 275
[11-Mar-2024 09:25:11] NOTICE: ready to handle connections
[11-Mar-2024 09:26:19] NOTICE: Terminating ...
[11-Mar-2024 09:26:19] NOTICE: exiting, bye-bye!
[11-Mar-2024 09:26:25] NOTICE: fpm is running, pid 269
[11-Mar-2024 09:26:25] NOTICE: ready to handle connections
[11-Mar-2024 09:31:56] NOTICE: Terminating ...
[11-Mar-2024 09:31:56] NOTICE: exiting, bye-bye!
[11-Mar-2024 09:33:09] NOTICE: fpm is running, pid 273
[11-Mar-2024 09:33:09] NOTICE: ready to handle connections
[11-Mar-2024 09:38:34] NOTICE: Terminating ...
[11-Mar-2024 09:38:34] NOTICE: exiting, bye-bye!
[11-Mar-2024 09:39:15] NOTICE: fpm is running, pid 273
[11-Mar-2024 09:39:15] NOTICE: ready to handle connections
[11-Mar-2024 09:41:46] NOTICE: Terminating ...
[11-Mar-2024 09:41:46] NOTICE: exiting, bye-bye!
[11-Mar-2024 09:41:54] NOTICE: fpm is running, pid 269
[11-Mar-2024 09:41:54] NOTICE: ready to handle connections
[11-Mar-2024 09:43:14] NOTICE: Terminating ...
[11-Mar-2024 09:43:14] NOTICE: exiting, bye-bye!
[11-Mar-2024 09:43:53] NOTICE: fpm is running, pid 270
[11-Mar-2024 09:43:53] NOTICE: ready to handle connections
[11-Mar-2024 09:47:13] NOTICE: Terminating ...
[11-Mar-2024 09:47:13] NOTICE: exiting, bye-bye!
[11-Mar-2024 09:47:29] NOTICE: fpm is running, pid 269
[11-Mar-2024 09:47:29] NOTICE: ready to handle connections
[11-Mar-2024 09:52:26] NOTICE: Terminating ...
[11-Mar-2024 09:52:26] NOTICE: exiting, bye-bye!
[11-Mar-2024 09:52:37] NOTICE: fpm is running, pid 273
[11-Mar-2024 09:52:37] NOTICE: ready to handle connections
[11-Mar-2024 09:54:42] NOTICE: Terminating ...
[11-Mar-2024 09:54:42] NOTICE: exiting, bye-bye!
[11-Mar-2024 09:55:19] NOTICE: fpm is running, pid 269
[11-Mar-2024 09:55:19] NOTICE: ready to handle connections
[11-Mar-2024 09:56:18] NOTICE: Terminating ...
[11-Mar-2024 09:56:18] NOTICE: exiting, bye-bye!
[11-Mar-2024 09:57:32] NOTICE: fpm is running, pid 269
[11-Mar-2024 09:57:32] NOTICE: ready to handle connections
[11-Mar-2024 09:57:57] NOTICE: Terminating ...
[11-Mar-2024 09:57:57] NOTICE: exiting, bye-bye!
[11-Mar-2024 09:58:26] NOTICE: fpm is running, pid 269
[11-Mar-2024 09:58:26] NOTICE: ready to handle connections
[11-Mar-2024 10:02:05] NOTICE: Terminating ...
[11-Mar-2024 10:02:05] NOTICE: exiting, bye-bye!
[11-Mar-2024 10:02:28] NOTICE: fpm is running, pid 274
[11-Mar-2024 10:02:28] NOTICE: ready to handle connections
[11-Mar-2024 10:04:21] NOTICE: Terminating ...
[11-Mar-2024 10:04:21] NOTICE: exiting, bye-bye!
[11-Mar-2024 10:05:00] NOTICE: fpm is running, pid 270
[11-Mar-2024 10:05:00] NOTICE: ready to handle connections
[11-Mar-2024 10:06:13] NOTICE: Terminating ...
[11-Mar-2024 10:06:13] NOTICE: exiting, bye-bye!
[11-Mar-2024 10:07:28] NOTICE: fpm is running, pid 299
[11-Mar-2024 10:07:28] NOTICE: ready to handle connections
[11-Mar-2024 10:18:42] NOTICE: Terminating ...
[11-Mar-2024 10:18:42] NOTICE: exiting, bye-bye!
[11-Mar-2024 10:24:27] NOTICE: fpm is running, pid 298
[11-Mar-2024 10:24:27] NOTICE: ready to handle connections
[11-Mar-2024 10:25:34] NOTICE: Terminating ...
[11-Mar-2024 10:25:34] NOTICE: exiting, bye-bye!
[11-Mar-2024 10:26:05] NOTICE: fpm is running, pid 300
[11-Mar-2024 10:26:05] NOTICE: ready to handle connections
