231213 18:09:18 mysqld_safe Starting mariadbd daemon with databases from /config/databases
2023-12-13 18:09:19 0 [Warning] Setting lower_case_table_names=2 because file system for /config/databases/ is case insensitive
2023-12-13 18:09:19 0 [Note] Starting MariaDB 10.11.5-MariaDB-log source revision 7875294b6b74b53dd3aaa723e6cc103d2bb47b2c as process 499
2023-12-13 18:09:19 0 [Note] InnoDB: Compressed tables use zlib 1.2.13
2023-12-13 18:09:19 0 [Note] InnoDB: Number of transaction pools: 1
2023-12-13 18:09:19 0 [Note] InnoDB: Using crc32 + pclmulqdq instructions
2023-12-13 18:09:19 0 [Note] mariadbd: O_TMPFILE is not supported on /tmp (disabling future attempts)
2023-12-13 18:09:19 0 [Note] InnoDB: Using Linux native AIO
2023-12-13 18:09:19 0 [Note] InnoDB: Initializing buffer pool, total size = 256.000MiB, chunk size = 4.000MiB
2023-12-13 18:09:19 0 [Note] InnoDB: Completed initialization of buffer pool
2023-12-13 18:09:19 0 [Note] InnoDB: Buffered log writes (block size=512 bytes)
2023-12-13 18:09:19 0 [Note] InnoDB: End of log at LSN=46542
2023-12-13 18:09:19 0 [Note] InnoDB: 128 rollback segments are active.
2023-12-13 18:09:19 0 [Note] InnoDB: Setting file './ibtmp1' size to 12.000MiB. Physically writing the file full; Please wait ...
2023-12-13 18:09:19 0 [Note] InnoDB: File './ibtmp1' size is now 12.000MiB.
2023-12-13 18:09:19 0 [Note] InnoDB: log sequence number 46542; transaction id 14
2023-12-13 18:09:19 0 [Note] Plugin 'FEEDBACK' is disabled.
2023-12-13 18:09:19 0 [Note] InnoDB: Loading buffer pool(s) from /config/databases/ib_buffer_pool
2023-12-13 18:09:19 0 [Note] InnoDB: Buffer pool(s) load completed at 231213 18:09:19
2023-12-13 18:09:19 0 [Note] Server socket created on IP: '0.0.0.0'.
2023-12-13 18:09:19 0 [Note] Server socket created on IP: '::'.
2023-12-13 18:09:19 0 [Note] /usr/bin/mariadbd: ready for connections.
Version: '10.11.5-MariaDB-log'  socket: '/var/run/mysqld/mysqld.sock'  port: 3306  Alpine Linux
2023-12-13 18:09:19 5 [Warning] Aborted connection 5 to db: 'unconnected' user: 'unauthenticated' host: 'localhost' (This connection closed normally without authentication)
2023-12-13 18:09:20 4 [Warning] Aborted connection 4 to db: 'unconnected' user: 'unauthenticated' host: 'bookstack.fei-team-project_default' (This connection closed normally without authentication)
2023-12-13 18:09:20 6 [Warning] Access denied for user 'tp'@'bookstack.fei-team-project_default' (using password: YES)
